-- Install configuration: ""
-- Up-to-date: /root/ros_ws/install/robot_moveit/share/robot_moveit/launch
-- Installing: /root/ros_ws/install/robot_moveit/share/robot_moveit/launch/moveit_fake.launch.py
-- Up-to-date: /root/ros_ws/install/robot_moveit/share/robot_moveit/launch/moveit.launch.py
-- Up-to-date: /root/ros_ws/install/robot_moveit/share/robot_moveit/config
-- Up-to-date: /root/ros_ws/install/robot_moveit/share/robot_moveit/config/kinematics.yaml
-- Up-to-date: /root/ros_ws/install/robot_moveit/share/robot_moveit/config/pilz_cartesian_limits.yaml
-- Installing: /root/ros_ws/install/robot_moveit/share/robot_moveit/config/moveit_controllers.yaml
-- Up-to-date: /root/ros_ws/install/robot_moveit/share/robot_moveit/config/initial_position.yaml
-- Installing: /root/ros_ws/install/robot_moveit/share/robot_moveit/config/robot.srdf
-- Up-to-date: /root/ros_ws/install/robot_moveit/share/robot_moveit/config/moveit.rviz
-- Up-to-date: /root/ros_ws/install/robot_moveit/share/robot_moveit/config/joint_limits.yaml
-- Up-to-date: /root/ros_ws/install/robot_moveit/share/ament_index/resource_index/package_run_dependencies/robot_moveit
-- Up-to-date: /root/ros_ws/install/robot_moveit/share/ament_index/resource_index/parent_prefix_path/robot_moveit
-- Up-to-date: /root/ros_ws/install/robot_moveit/share/robot_moveit/environment/ament_prefix_path.sh
-- Up-to-date: /root/ros_ws/install/robot_moveit/share/robot_moveit/environment/ament_prefix_path.dsv
-- Up-to-date: /root/ros_ws/install/robot_moveit/share/robot_moveit/environment/path.sh
-- Up-to-date: /root/ros_ws/install/robot_moveit/share/robot_moveit/environment/path.dsv
-- Up-to-date: /root/ros_ws/install/robot_moveit/share/robot_moveit/local_setup.bash
-- Up-to-date: /root/ros_ws/install/robot_moveit/share/robot_moveit/local_setup.sh
-- Up-to-date: /root/ros_ws/install/robot_moveit/share/robot_moveit/local_setup.zsh
-- Up-to-date: /root/ros_ws/install/robot_moveit/share/robot_moveit/local_setup.dsv
-- Installing: /root/ros_ws/install/robot_moveit/share/robot_moveit/package.dsv
-- Up-to-date: /root/ros_ws/install/robot_moveit/share/ament_index/resource_index/packages/robot_moveit
-- Up-to-date: /root/ros_ws/install/robot_moveit/share/robot_moveit/cmake/robot_moveitConfig.cmake
-- Up-to-date: /root/ros_ws/install/robot_moveit/share/robot_moveit/cmake/robot_moveitConfig-version.cmake
-- Up-to-date: /root/ros_ws/install/robot_moveit/share/robot_moveit/package.xml
