[0.016s] Invoking command in '/root/ros_ws/build/robot_controller_pkg': CMAKE_PREFIX_PATH=${CMAKE_PREFIX_PATH}:/root/ros_ws/src/install/tuto_pkg:/root/ros_ws/install/tuto_pkg /usr/bin/cmake /root/ros_ws/src/robot_controller_pkg -DCMAKE_INSTALL_PREFIX=/root/ros_ws/install/robot_controller_pkg
[0.080s] -- The C compiler identification is GNU 11.4.0
[0.130s] -- The CXX compiler identification is GNU 11.4.0
[0.139s] -- Detecting C compiler ABI info
[0.203s] -- Detecting C compiler ABI info - done
[0.209s] -- Check for working C compiler: /usr/bin/cc - skipped
[0.209s] -- Detecting C compile features
[0.209s] -- Detecting C compile features - done
[0.212s] -- Detecting CXX compiler ABI info
[0.285s] -- Detecting CXX compiler ABI info - done
[0.291s] -- Check for working CXX compiler: /usr/bin/c++ - skipped
[0.291s] -- Detecting CXX compile features
[0.291s] -- Detecting CXX compile features - done
[0.292s] -- Found ament_cmake: 1.3.12 (/opt/ros/humble/share/ament_cmake/cmake)
[0.396s] -- Found Python3: /usr/bin/python3 (found version "3.10.12") found components: Interpreter 
[0.480s] -- Found ament_lint_auto: 0.12.14 (/opt/ros/humble/share/ament_lint_auto/cmake)
[0.541s] -- Added test 'flake8' to check Python code syntax and style conventions
[0.544s] -- Added test 'lint_cmake' to check CMake code style
[0.544s] -- Added test 'pep257' to check Python code against some of the docstring style conventions in PEP 257
[0.545s] -- Added test 'xmllint' to check XML markup files
[0.547s] -- Configuring done
[0.549s] -- Generating done
[0.550s] -- Build files have been written to: /root/ros_ws/build/robot_controller_pkg
[0.554s] Invoked command in '/root/ros_ws/build/robot_controller_pkg' returned '0': CMAKE_PREFIX_PATH=${CMAKE_PREFIX_PATH}:/root/ros_ws/src/install/tuto_pkg:/root/ros_ws/install/tuto_pkg /usr/bin/cmake /root/ros_ws/src/robot_controller_pkg -DCMAKE_INSTALL_PREFIX=/root/ros_ws/install/robot_controller_pkg
[0.555s] Invoking command in '/root/ros_ws/build/robot_controller_pkg': CMAKE_PREFIX_PATH=${CMAKE_PREFIX_PATH}:/root/ros_ws/src/install/tuto_pkg:/root/ros_ws/install/tuto_pkg /usr/bin/cmake --build /root/ros_ws/build/robot_controller_pkg -- -j4 -l4
[0.581s] Invoked command in '/root/ros_ws/build/robot_controller_pkg' returned '0': CMAKE_PREFIX_PATH=${CMAKE_PREFIX_PATH}:/root/ros_ws/src/install/tuto_pkg:/root/ros_ws/install/tuto_pkg /usr/bin/cmake --build /root/ros_ws/build/robot_controller_pkg -- -j4 -l4
[0.581s] Invoking command in '/root/ros_ws/build/robot_controller_pkg': CMAKE_PREFIX_PATH=${CMAKE_PREFIX_PATH}:/root/ros_ws/src/install/tuto_pkg:/root/ros_ws/install/tuto_pkg /usr/bin/cmake --install /root/ros_ws/build/robot_controller_pkg
[0.586s] -- Install configuration: ""
[0.586s] -- Installing: /root/ros_ws/install/robot_controller_pkg/share/robot_controller_pkg/config
[0.587s] -- Installing: /root/ros_ws/install/robot_controller_pkg/share/robot_controller_pkg/config/robot_controllers.yaml
[0.587s] -- Installing: /root/ros_ws/install/robot_controller_pkg/share/robot_controller_pkg/config/robot_fake_controllers.yaml
[0.587s] -- Installing: /root/ros_ws/install/robot_controller_pkg/share/robot_controller_pkg/launch
[0.587s] -- Installing: /root/ros_ws/install/robot_controller_pkg/share/robot_controller_pkg/launch/controller.launch.py
[0.587s] -- Installing: /root/ros_ws/install/robot_controller_pkg/share/ament_index/resource_index/package_run_dependencies/robot_controller_pkg
[0.587s] -- Installing: /root/ros_ws/install/robot_controller_pkg/share/ament_index/resource_index/parent_prefix_path/robot_controller_pkg
[0.587s] -- Installing: /root/ros_ws/install/robot_controller_pkg/share/robot_controller_pkg/environment/ament_prefix_path.sh
[0.588s] -- Installing: /root/ros_ws/install/robot_controller_pkg/share/robot_controller_pkg/environment/ament_prefix_path.dsv
[0.588s] -- Installing: /root/ros_ws/install/robot_controller_pkg/share/robot_controller_pkg/environment/path.sh
[0.588s] -- Installing: /root/ros_ws/install/robot_controller_pkg/share/robot_controller_pkg/environment/path.dsv
[0.588s] -- Installing: /root/ros_ws/install/robot_controller_pkg/share/robot_controller_pkg/local_setup.bash
[0.588s] -- Installing: /root/ros_ws/install/robot_controller_pkg/share/robot_controller_pkg/local_setup.sh
[0.588s] -- Installing: /root/ros_ws/install/robot_controller_pkg/share/robot_controller_pkg/local_setup.zsh
[0.588s] -- Installing: /root/ros_ws/install/robot_controller_pkg/share/robot_controller_pkg/local_setup.dsv
[0.588s] -- Installing: /root/ros_ws/install/robot_controller_pkg/share/robot_controller_pkg/package.dsv
[0.588s] -- Installing: /root/ros_ws/install/robot_controller_pkg/share/ament_index/resource_index/packages/robot_controller_pkg
[0.588s] -- Installing: /root/ros_ws/install/robot_controller_pkg/share/robot_controller_pkg/cmake/robot_controller_pkgConfig.cmake
[0.589s] -- Installing: /root/ros_ws/install/robot_controller_pkg/share/robot_controller_pkg/cmake/robot_controller_pkgConfig-version.cmake
[0.589s] -- Installing: /root/ros_ws/install/robot_controller_pkg/share/robot_controller_pkg/package.xml
[0.590s] Invoked command in '/root/ros_ws/build/robot_controller_pkg' returned '0': CMAKE_PREFIX_PATH=${CMAKE_PREFIX_PATH}:/root/ros_ws/src/install/tuto_pkg:/root/ros_ws/install/tuto_pkg /usr/bin/cmake --install /root/ros_ws/build/robot_controller_pkg
