[0.013s] Invoking command in '/root/ros_ws/build/robot_moveit': CMAKE_PREFIX_PATH=${CMAKE_PREFIX_PATH}:/root/ros_ws/src/install/tuto_pkg:/root/ros_ws/install/tuto_pkg /usr/bin/cmake --build /root/ros_ws/build/robot_moveit -- -j4 -l4
[0.069s] Invoked command in '/root/ros_ws/build/robot_moveit' returned '0': CMAKE_PREFIX_PATH=${CMAKE_PREFIX_PATH}:/root/ros_ws/src/install/tuto_pkg:/root/ros_ws/install/tuto_pkg /usr/bin/cmake --build /root/ros_ws/build/robot_moveit -- -j4 -l4
[0.070s] Invoking command in '/root/ros_ws/build/robot_moveit': CMAKE_PREFIX_PATH=${CMAKE_PREFIX_PATH}:/root/ros_ws/src/install/tuto_pkg:/root/ros_ws/install/tuto_pkg /usr/bin/cmake --install /root/ros_ws/build/robot_moveit
[0.088s] -- Install configuration: ""
[0.088s] -- Up-to-date: /root/ros_ws/install/robot_moveit/share/robot_moveit/launch
[0.088s] -- Installing: /root/ros_ws/install/robot_moveit/share/robot_moveit/launch/moveit_fake.launch.py
[0.088s] -- Up-to-date: /root/ros_ws/install/robot_moveit/share/robot_moveit/launch/moveit.launch.py
[0.088s] -- Up-to-date: /root/ros_ws/install/robot_moveit/share/robot_moveit/config
[0.089s] -- Up-to-date: /root/ros_ws/install/robot_moveit/share/robot_moveit/config/kinematics.yaml
[0.089s] -- Up-to-date: /root/ros_ws/install/robot_moveit/share/robot_moveit/config/pilz_cartesian_limits.yaml
[0.089s] -- Up-to-date: /root/ros_ws/install/robot_moveit/share/robot_moveit/config/moveit_controllers.yaml
[0.089s] -- Up-to-date: /root/ros_ws/install/robot_moveit/share/robot_moveit/config/initial_position.yaml
[0.089s] -- Up-to-date: /root/ros_ws/install/robot_moveit/share/robot_moveit/config/robot.srdf
[0.089s] -- Installing: /root/ros_ws/install/robot_moveit/share/robot_moveit/config/moveit_fake_controllers.yaml
[0.089s] -- Up-to-date: /root/ros_ws/install/robot_moveit/share/robot_moveit/config/moveit.rviz
[0.089s] -- Up-to-date: /root/ros_ws/install/robot_moveit/share/robot_moveit/config/joint_limits.yaml
[0.089s] -- Up-to-date: /root/ros_ws/install/robot_moveit/share/ament_index/resource_index/package_run_dependencies/robot_moveit
[0.089s] -- Up-to-date: /root/ros_ws/install/robot_moveit/share/ament_index/resource_index/parent_prefix_path/robot_moveit
[0.089s] -- Up-to-date: /root/ros_ws/install/robot_moveit/share/robot_moveit/environment/ament_prefix_path.sh
[0.090s] -- Up-to-date: /root/ros_ws/install/robot_moveit/share/robot_moveit/environment/ament_prefix_path.dsv
[0.090s] -- Up-to-date: /root/ros_ws/install/robot_moveit/share/robot_moveit/environment/path.sh
[0.090s] -- Up-to-date: /root/ros_ws/install/robot_moveit/share/robot_moveit/environment/path.dsv
[0.090s] -- Up-to-date: /root/ros_ws/install/robot_moveit/share/robot_moveit/local_setup.bash
[0.090s] -- Up-to-date: /root/ros_ws/install/robot_moveit/share/robot_moveit/local_setup.sh
[0.090s] -- Up-to-date: /root/ros_ws/install/robot_moveit/share/robot_moveit/local_setup.zsh
[0.090s] -- Up-to-date: /root/ros_ws/install/robot_moveit/share/robot_moveit/local_setup.dsv
[0.090s] -- Installing: /root/ros_ws/install/robot_moveit/share/robot_moveit/package.dsv
[0.090s] -- Up-to-date: /root/ros_ws/install/robot_moveit/share/ament_index/resource_index/packages/robot_moveit
[0.090s] -- Up-to-date: /root/ros_ws/install/robot_moveit/share/robot_moveit/cmake/robot_moveitConfig.cmake
[0.090s] -- Up-to-date: /root/ros_ws/install/robot_moveit/share/robot_moveit/cmake/robot_moveitConfig-version.cmake
[0.090s] -- Up-to-date: /root/ros_ws/install/robot_moveit/share/robot_moveit/package.xml
[0.111s] Invoked command in '/root/ros_ws/build/robot_moveit' returned '0': CMAKE_PREFIX_PATH=${CMAKE_PREFIX_PATH}:/root/ros_ws/src/install/tuto_pkg:/root/ros_ws/install/tuto_pkg /usr/bin/cmake --install /root/ros_ws/build/robot_moveit
