-- Install configuration: ""
-- Up-to-date: /root/ros_ws/install/robot_controller_pkg/share/robot_controller_pkg/config
-- Up-to-date: /root/ros_ws/install/robot_controller_pkg/share/robot_controller_pkg/config/robot_controllers.yaml
-- Up-to-date: /root/ros_ws/install/robot_controller_pkg/share/robot_controller_pkg/config/robot_fake_controllers.yaml
-- Up-to-date: /root/ros_ws/install/robot_controller_pkg/share/robot_controller_pkg/launch
-- Up-to-date: /root/ros_ws/install/robot_controller_pkg/share/robot_controller_pkg/launch/controller.launch.py
-- Up-to-date: /root/ros_ws/install/robot_controller_pkg/share/ament_index/resource_index/package_run_dependencies/robot_controller_pkg
-- Up-to-date: /root/ros_ws/install/robot_controller_pkg/share/ament_index/resource_index/parent_prefix_path/robot_controller_pkg
-- Up-to-date: /root/ros_ws/install/robot_controller_pkg/share/robot_controller_pkg/environment/ament_prefix_path.sh
-- Up-to-date: /root/ros_ws/install/robot_controller_pkg/share/robot_controller_pkg/environment/ament_prefix_path.dsv
-- Up-to-date: /root/ros_ws/install/robot_controller_pkg/share/robot_controller_pkg/environment/path.sh
-- Up-to-date: /root/ros_ws/install/robot_controller_pkg/share/robot_controller_pkg/environment/path.dsv
-- Up-to-date: /root/ros_ws/install/robot_controller_pkg/share/robot_controller_pkg/local_setup.bash
-- Up-to-date: /root/ros_ws/install/robot_controller_pkg/share/robot_controller_pkg/local_setup.sh
-- Up-to-date: /root/ros_ws/install/robot_controller_pkg/share/robot_controller_pkg/local_setup.zsh
-- Up-to-date: /root/ros_ws/install/robot_controller_pkg/share/robot_controller_pkg/local_setup.dsv
-- Up-to-date: /root/ros_ws/install/robot_controller_pkg/share/robot_controller_pkg/package.dsv
-- Up-to-date: /root/ros_ws/install/robot_controller_pkg/share/ament_index/resource_index/packages/robot_controller_pkg
-- Up-to-date: /root/ros_ws/install/robot_controller_pkg/share/robot_controller_pkg/cmake/robot_controller_pkgConfig.cmake
-- Up-to-date: /root/ros_ws/install/robot_controller_pkg/share/robot_controller_pkg/cmake/robot_controller_pkgConfig-version.cmake
-- Up-to-date: /root/ros_ws/install/robot_controller_pkg/share/robot_controller_pkg/package.xml
