[0.021s] Invoking command in '/root/ros_ws/build/robot_controller_pkg': CMAKE_PREFIX_PATH=${CMAKE_PREFIX_PATH}:/root/ros_ws/src/install/tuto_pkg:/root/ros_ws/install/tuto_pkg /usr/bin/cmake --build /root/ros_ws/build/robot_controller_pkg -- -j4 -l4
[0.047s] Invoked command in '/root/ros_ws/build/robot_controller_pkg' returned '0': CMAKE_PREFIX_PATH=${CMAKE_PREFIX_PATH}:/root/ros_ws/src/install/tuto_pkg:/root/ros_ws/install/tuto_pkg /usr/bin/cmake --build /root/ros_ws/build/robot_controller_pkg -- -j4 -l4
[0.067s] Invoking command in '/root/ros_ws/build/robot_controller_pkg': CMAKE_PREFIX_PATH=${CMAKE_PREFIX_PATH}:/root/ros_ws/src/install/tuto_pkg:/root/ros_ws/install/tuto_pkg /usr/bin/cmake --install /root/ros_ws/build/robot_controller_pkg
[0.073s] -- Install configuration: ""
[0.073s] -- Up-to-date: /root/ros_ws/install/robot_controller_pkg/share/robot_controller_pkg/config
[0.074s] -- Up-to-date: /root/ros_ws/install/robot_controller_pkg/share/robot_controller_pkg/config/robot_controllers.yaml
[0.074s] -- Up-to-date: /root/ros_ws/install/robot_controller_pkg/share/robot_controller_pkg/config/robot_fake_controllers.yaml
[0.074s] -- Up-to-date: /root/ros_ws/install/robot_controller_pkg/share/robot_controller_pkg/launch
[0.074s] -- Up-to-date: /root/ros_ws/install/robot_controller_pkg/share/robot_controller_pkg/launch/controller.launch.py
[0.077s] -- Up-to-date: /root/ros_ws/install/robot_controller_pkg/share/ament_index/resource_index/package_run_dependencies/robot_controller_pkg
[0.077s] -- Up-to-date: /root/ros_ws/install/robot_controller_pkg/share/ament_index/resource_index/parent_prefix_path/robot_controller_pkg
[0.077s] -- Up-to-date: /root/ros_ws/install/robot_controller_pkg/share/robot_controller_pkg/environment/ament_prefix_path.sh
[0.079s] -- Up-to-date: /root/ros_ws/install/robot_controller_pkg/share/robot_controller_pkg/environment/ament_prefix_path.dsv
[0.079s] -- Up-to-date: /root/ros_ws/install/robot_controller_pkg/share/robot_controller_pkg/environment/path.sh
[0.080s] -- Up-to-date: /root/ros_ws/install/robot_controller_pkg/share/robot_controller_pkg/environment/path.dsv
[0.080s] -- Up-to-date: /root/ros_ws/install/robot_controller_pkg/share/robot_controller_pkg/local_setup.bash
[0.080s] -- Up-to-date: /root/ros_ws/install/robot_controller_pkg/share/robot_controller_pkg/local_setup.sh
[0.080s] -- Up-to-date: /root/ros_ws/install/robot_controller_pkg/share/robot_controller_pkg/local_setup.zsh
[0.080s] -- Up-to-date: /root/ros_ws/install/robot_controller_pkg/share/robot_controller_pkg/local_setup.dsv
[0.080s] -- Installing: /root/ros_ws/install/robot_controller_pkg/share/robot_controller_pkg/package.dsv
[0.080s] -- Up-to-date: /root/ros_ws/install/robot_controller_pkg/share/ament_index/resource_index/packages/robot_controller_pkg
[0.080s] -- Up-to-date: /root/ros_ws/install/robot_controller_pkg/share/robot_controller_pkg/cmake/robot_controller_pkgConfig.cmake
[0.081s] -- Up-to-date: /root/ros_ws/install/robot_controller_pkg/share/robot_controller_pkg/cmake/robot_controller_pkgConfig-version.cmake
[0.081s] -- Up-to-date: /root/ros_ws/install/robot_controller_pkg/share/robot_controller_pkg/package.xml
[0.081s] Invoked command in '/root/ros_ws/build/robot_controller_pkg' returned '0': CMAKE_PREFIX_PATH=${CMAKE_PREFIX_PATH}:/root/ros_ws/src/install/tuto_pkg:/root/ros_ws/install/tuto_pkg /usr/bin/cmake --install /root/ros_ws/build/robot_controller_pkg
