[0.017s] Invoking command in '/root/ros_ws/build/robot_simulation_pkg': CMAKE_PREFIX_PATH=${CMAKE_PREFIX_PATH}:/root/ros_ws/src/install/tuto_pkg:/root/ros_ws/install/tuto_pkg /usr/bin/cmake --build /root/ros_ws/build/robot_simulation_pkg -- -j4 -l4
[0.088s] Invoked command in '/root/ros_ws/build/robot_simulation_pkg' returned '0': CMAKE_PREFIX_PATH=${CMAKE_PREFIX_PATH}:/root/ros_ws/src/install/tuto_pkg:/root/ros_ws/install/tuto_pkg /usr/bin/cmake --build /root/ros_ws/build/robot_simulation_pkg -- -j4 -l4
[0.089s] Invoking command in '/root/ros_ws/build/robot_simulation_pkg': CMAKE_PREFIX_PATH=${CMAKE_PREFIX_PATH}:/root/ros_ws/src/install/tuto_pkg:/root/ros_ws/install/tuto_pkg /usr/bin/cmake --install /root/ros_ws/build/robot_simulation_pkg
[0.103s] -- Install configuration: ""
[0.103s] -- Up-to-date: /root/ros_ws/install/robot_simulation_pkg/share/robot_simulation_pkg/meshes
[0.103s] -- Up-to-date: /root/ros_ws/install/robot_simulation_pkg/share/robot_simulation_pkg/meshes/left_finger.STL
[0.103s] -- Up-to-date: /root/ros_ws/install/robot_simulation_pkg/share/robot_simulation_pkg/meshes/forward_drive_arm.STL
[0.103s] -- Up-to-date: /root/ros_ws/install/robot_simulation_pkg/share/robot_simulation_pkg/meshes/basement.STL
[0.103s] -- Up-to-date: /root/ros_ws/install/robot_simulation_pkg/share/robot_simulation_pkg/meshes/round_plate.STL
[0.103s] -- Up-to-date: /root/ros_ws/install/robot_simulation_pkg/share/robot_simulation_pkg/meshes/servo_plate.STL
[0.103s] -- Up-to-date: /root/ros_ws/install/robot_simulation_pkg/share/robot_simulation_pkg/meshes/right_finger.STL
[0.103s] -- Up-to-date: /root/ros_ws/install/robot_simulation_pkg/share/robot_simulation_pkg/meshes/triangular_link.STL
[0.103s] -- Up-to-date: /root/ros_ws/install/robot_simulation_pkg/share/robot_simulation_pkg/meshes/link.STL
[0.103s] -- Up-to-date: /root/ros_ws/install/robot_simulation_pkg/share/robot_simulation_pkg/meshes/base_plate.STL
[0.103s] -- Up-to-date: /root/ros_ws/install/robot_simulation_pkg/share/robot_simulation_pkg/meshes/claw_support.STL
[0.103s] -- Up-to-date: /root/ros_ws/install/robot_simulation_pkg/share/robot_simulation_pkg/meshes/plate.STL
[0.103s] -- Up-to-date: /root/ros_ws/install/robot_simulation_pkg/share/robot_simulation_pkg/meshes/vertical_drive_arm.STL
[0.103s] -- Up-to-date: /root/ros_ws/install/robot_simulation_pkg/share/robot_simulation_pkg/meshes/horizontal_arm.STL
[0.104s] -- Up-to-date: /root/ros_ws/install/robot_simulation_pkg/share/robot_simulation_pkg/urdf
[0.104s] -- Up-to-date: /root/ros_ws/install/robot_simulation_pkg/share/robot_simulation_pkg/urdf/robot2.urdf.xacro
[0.104s] -- Up-to-date: /root/ros_ws/install/robot_simulation_pkg/share/robot_simulation_pkg/urdf/robot_gazebo.xacro
[0.104s] -- Up-to-date: /root/ros_ws/install/robot_simulation_pkg/share/robot_simulation_pkg/urdf/robot.urdf.xacro
[0.104s] -- Up-to-date: /root/ros_ws/install/robot_simulation_pkg/share/robot_simulation_pkg/urdf/robot_ros2_control.xacro
[0.104s] -- Up-to-date: /root/ros_ws/install/robot_simulation_pkg/share/robot_simulation_pkg/launch
[0.104s] -- Up-to-date: /root/ros_ws/install/robot_simulation_pkg/share/robot_simulation_pkg/launch/display.launch.py
[0.104s] -- Up-to-date: /root/ros_ws/install/robot_simulation_pkg/share/robot_simulation_pkg/launch/gazebo.launch.py
[0.104s] -- Up-to-date: /root/ros_ws/install/robot_simulation_pkg/share/robot_simulation_pkg/rviz
[0.104s] -- Up-to-date: /root/ros_ws/install/robot_simulation_pkg/share/robot_simulation_pkg/rviz/display_robot.rviz
[0.104s] -- Up-to-date: /root/ros_ws/install/robot_simulation_pkg/share/ament_index/resource_index/package_run_dependencies/robot_simulation_pkg
[0.104s] -- Up-to-date: /root/ros_ws/install/robot_simulation_pkg/share/ament_index/resource_index/parent_prefix_path/robot_simulation_pkg
[0.104s] -- Up-to-date: /root/ros_ws/install/robot_simulation_pkg/share/robot_simulation_pkg/environment/ament_prefix_path.sh
[0.104s] -- Up-to-date: /root/ros_ws/install/robot_simulation_pkg/share/robot_simulation_pkg/environment/ament_prefix_path.dsv
[0.104s] -- Up-to-date: /root/ros_ws/install/robot_simulation_pkg/share/robot_simulation_pkg/environment/path.sh
[0.104s] -- Up-to-date: /root/ros_ws/install/robot_simulation_pkg/share/robot_simulation_pkg/environment/path.dsv
[0.104s] -- Up-to-date: /root/ros_ws/install/robot_simulation_pkg/share/robot_simulation_pkg/local_setup.bash
[0.104s] -- Up-to-date: /root/ros_ws/install/robot_simulation_pkg/share/robot_simulation_pkg/local_setup.sh
[0.104s] -- Up-to-date: /root/ros_ws/install/robot_simulation_pkg/share/robot_simulation_pkg/local_setup.zsh
[0.104s] -- Up-to-date: /root/ros_ws/install/robot_simulation_pkg/share/robot_simulation_pkg/local_setup.dsv
[0.104s] -- Installing: /root/ros_ws/install/robot_simulation_pkg/share/robot_simulation_pkg/package.dsv
[0.105s] -- Up-to-date: /root/ros_ws/install/robot_simulation_pkg/share/ament_index/resource_index/packages/robot_simulation_pkg
[0.105s] -- Up-to-date: /root/ros_ws/install/robot_simulation_pkg/share/robot_simulation_pkg/cmake/robot_simulation_pkgConfig.cmake
[0.105s] -- Up-to-date: /root/ros_ws/install/robot_simulation_pkg/share/robot_simulation_pkg/cmake/robot_simulation_pkgConfig-version.cmake
[0.105s] -- Up-to-date: /root/ros_ws/install/robot_simulation_pkg/share/robot_simulation_pkg/package.xml
[0.105s] Invoked command in '/root/ros_ws/build/robot_simulation_pkg' returned '0': CMAKE_PREFIX_PATH=${CMAKE_PREFIX_PATH}:/root/ros_ws/src/install/tuto_pkg:/root/ros_ws/install/tuto_pkg /usr/bin/cmake --install /root/ros_ws/build/robot_simulation_pkg
