-- Install configuration: ""
-- Up-to-date: /root/ros_ws/install/robot_simulation_pkg/share/robot_simulation_pkg/meshes
-- Up-to-date: /root/ros_ws/install/robot_simulation_pkg/share/robot_simulation_pkg/meshes/left_finger.STL
-- Up-to-date: /root/ros_ws/install/robot_simulation_pkg/share/robot_simulation_pkg/meshes/forward_drive_arm.STL
-- Up-to-date: /root/ros_ws/install/robot_simulation_pkg/share/robot_simulation_pkg/meshes/basement.STL
-- Up-to-date: /root/ros_ws/install/robot_simulation_pkg/share/robot_simulation_pkg/meshes/round_plate.STL
-- Up-to-date: /root/ros_ws/install/robot_simulation_pkg/share/robot_simulation_pkg/meshes/servo_plate.STL
-- Up-to-date: /root/ros_ws/install/robot_simulation_pkg/share/robot_simulation_pkg/meshes/right_finger.STL
-- Up-to-date: /root/ros_ws/install/robot_simulation_pkg/share/robot_simulation_pkg/meshes/triangular_link.STL
-- Up-to-date: /root/ros_ws/install/robot_simulation_pkg/share/robot_simulation_pkg/meshes/link.STL
-- Up-to-date: /root/ros_ws/install/robot_simulation_pkg/share/robot_simulation_pkg/meshes/base_plate.STL
-- Up-to-date: /root/ros_ws/install/robot_simulation_pkg/share/robot_simulation_pkg/meshes/claw_support.STL
-- Up-to-date: /root/ros_ws/install/robot_simulation_pkg/share/robot_simulation_pkg/meshes/plate.STL
-- Up-to-date: /root/ros_ws/install/robot_simulation_pkg/share/robot_simulation_pkg/meshes/vertical_drive_arm.STL
-- Up-to-date: /root/ros_ws/install/robot_simulation_pkg/share/robot_simulation_pkg/meshes/horizontal_arm.STL
-- Up-to-date: /root/ros_ws/install/robot_simulation_pkg/share/robot_simulation_pkg/urdf
-- Up-to-date: /root/ros_ws/install/robot_simulation_pkg/share/robot_simulation_pkg/urdf/robot2.urdf.xacro
-- Up-to-date: /root/ros_ws/install/robot_simulation_pkg/share/robot_simulation_pkg/urdf/robot_gazebo.xacro
-- Installing: /root/ros_ws/install/robot_simulation_pkg/share/robot_simulation_pkg/urdf/robot.urdf.xacro
-- Installing: /root/ros_ws/install/robot_simulation_pkg/share/robot_simulation_pkg/urdf/robot_ros2_control.xacro
-- Up-to-date: /root/ros_ws/install/robot_simulation_pkg/share/robot_simulation_pkg/launch
-- Up-to-date: /root/ros_ws/install/robot_simulation_pkg/share/robot_simulation_pkg/launch/display.launch.py
-- Up-to-date: /root/ros_ws/install/robot_simulation_pkg/share/robot_simulation_pkg/launch/gazebo.launch.py
-- Up-to-date: /root/ros_ws/install/robot_simulation_pkg/share/robot_simulation_pkg/rviz
-- Up-to-date: /root/ros_ws/install/robot_simulation_pkg/share/robot_simulation_pkg/rviz/display_robot.rviz
-- Up-to-date: /root/ros_ws/install/robot_simulation_pkg/share/ament_index/resource_index/package_run_dependencies/robot_simulation_pkg
-- Up-to-date: /root/ros_ws/install/robot_simulation_pkg/share/ament_index/resource_index/parent_prefix_path/robot_simulation_pkg
-- Up-to-date: /root/ros_ws/install/robot_simulation_pkg/share/robot_simulation_pkg/environment/ament_prefix_path.sh
-- Up-to-date: /root/ros_ws/install/robot_simulation_pkg/share/robot_simulation_pkg/environment/ament_prefix_path.dsv
-- Up-to-date: /root/ros_ws/install/robot_simulation_pkg/share/robot_simulation_pkg/environment/path.sh
-- Up-to-date: /root/ros_ws/install/robot_simulation_pkg/share/robot_simulation_pkg/environment/path.dsv
-- Up-to-date: /root/ros_ws/install/robot_simulation_pkg/share/robot_simulation_pkg/local_setup.bash
-- Up-to-date: /root/ros_ws/install/robot_simulation_pkg/share/robot_simulation_pkg/local_setup.sh
-- Up-to-date: /root/ros_ws/install/robot_simulation_pkg/share/robot_simulation_pkg/local_setup.zsh
-- Up-to-date: /root/ros_ws/install/robot_simulation_pkg/share/robot_simulation_pkg/local_setup.dsv
-- Installing: /root/ros_ws/install/robot_simulation_pkg/share/robot_simulation_pkg/package.dsv
-- Up-to-date: /root/ros_ws/install/robot_simulation_pkg/share/ament_index/resource_index/packages/robot_simulation_pkg
-- Up-to-date: /root/ros_ws/install/robot_simulation_pkg/share/robot_simulation_pkg/cmake/robot_simulation_pkgConfig.cmake
-- Up-to-date: /root/ros_ws/install/robot_simulation_pkg/share/robot_simulation_pkg/cmake/robot_simulation_pkgConfig-version.cmake
-- Up-to-date: /root/ros_ws/install/robot_simulation_pkg/share/robot_simulation_pkg/package.xml
