[0.031s] Invoking command in '/root/ros_ws/build/robot_simulation_pkg': CMAKE_PREFIX_PATH=${CMAKE_PREFIX_PATH}:/root/ros_ws/src/install/tuto_pkg:/root/ros_ws/install/tuto_pkg /usr/bin/cmake /root/ros_ws/src/robot_simulation_pkg -DCMAKE_INSTALL_PREFIX=/root/ros_ws/install/robot_simulation_pkg
[0.094s] -- The C compiler identification is GNU 11.4.0
[0.139s] -- The CXX compiler identification is GNU 11.4.0
[0.145s] -- Detecting C compiler ABI info
[0.198s] -- Detecting C compiler ABI info - done
[0.205s] -- Check for working C compiler: /usr/bin/cc - skipped
[0.205s] -- Detecting C compile features
[0.206s] -- Detecting C compile features - done
[0.207s] -- Detecting CXX compiler ABI info
[0.268s] -- Detecting CXX compiler ABI info - done
[0.274s] -- Check for working CXX compiler: /usr/bin/c++ - skipped
[0.274s] -- Detecting CXX compile features
[0.275s] -- Detecting CXX compile features - done
[0.275s] -- Found ament_cmake: 1.3.12 (/opt/ros/humble/share/ament_cmake/cmake)
[0.381s] -- Found Python3: /usr/bin/python3 (found version "3.10.12") found components: Interpreter 
[0.469s] -- Found ament_lint_auto: 0.12.14 (/opt/ros/humble/share/ament_lint_auto/cmake)
[0.537s] -- Added test 'flake8' to check Python code syntax and style conventions
[0.537s] -- Added test 'lint_cmake' to check CMake code style
[0.538s] -- Added test 'pep257' to check Python code against some of the docstring style conventions in PEP 257
[0.539s] -- Added test 'xmllint' to check XML markup files
[0.541s] -- Configuring done
[0.542s] -- Generating done
[0.544s] -- Build files have been written to: /root/ros_ws/build/robot_simulation_pkg
[0.549s] Invoked command in '/root/ros_ws/build/robot_simulation_pkg' returned '0': CMAKE_PREFIX_PATH=${CMAKE_PREFIX_PATH}:/root/ros_ws/src/install/tuto_pkg:/root/ros_ws/install/tuto_pkg /usr/bin/cmake /root/ros_ws/src/robot_simulation_pkg -DCMAKE_INSTALL_PREFIX=/root/ros_ws/install/robot_simulation_pkg
[0.550s] Invoking command in '/root/ros_ws/build/robot_simulation_pkg': CMAKE_PREFIX_PATH=${CMAKE_PREFIX_PATH}:/root/ros_ws/src/install/tuto_pkg:/root/ros_ws/install/tuto_pkg /usr/bin/cmake --build /root/ros_ws/build/robot_simulation_pkg -- -j4 -l4
[0.575s] Invoked command in '/root/ros_ws/build/robot_simulation_pkg' returned '0': CMAKE_PREFIX_PATH=${CMAKE_PREFIX_PATH}:/root/ros_ws/src/install/tuto_pkg:/root/ros_ws/install/tuto_pkg /usr/bin/cmake --build /root/ros_ws/build/robot_simulation_pkg -- -j4 -l4
[0.577s] Invoking command in '/root/ros_ws/build/robot_simulation_pkg': CMAKE_PREFIX_PATH=${CMAKE_PREFIX_PATH}:/root/ros_ws/src/install/tuto_pkg:/root/ros_ws/install/tuto_pkg /usr/bin/cmake --install /root/ros_ws/build/robot_simulation_pkg
[0.581s] -- Install configuration: ""
[0.581s] -- Installing: /root/ros_ws/install/robot_simulation_pkg/share/robot_simulation_pkg/meshes
[0.581s] -- Installing: /root/ros_ws/install/robot_simulation_pkg/share/robot_simulation_pkg/meshes/left_finger.STL
[0.583s] -- Installing: /root/ros_ws/install/robot_simulation_pkg/share/robot_simulation_pkg/meshes/forward_drive_arm.STL
[0.589s] -- Installing: /root/ros_ws/install/robot_simulation_pkg/share/robot_simulation_pkg/meshes/basement.STL
[0.592s] -- Installing: /root/ros_ws/install/robot_simulation_pkg/share/robot_simulation_pkg/meshes/round_plate.STL
[0.593s] -- Installing: /root/ros_ws/install/robot_simulation_pkg/share/robot_simulation_pkg/meshes/servo_plate.STL
[0.593s] -- Installing: /root/ros_ws/install/robot_simulation_pkg/share/robot_simulation_pkg/meshes/right_finger.STL
[0.595s] -- Installing: /root/ros_ws/install/robot_simulation_pkg/share/robot_simulation_pkg/meshes/triangular_link.STL
[0.598s] -- Installing: /root/ros_ws/install/robot_simulation_pkg/share/robot_simulation_pkg/meshes/link.STL
[0.600s] -- Installing: /root/ros_ws/install/robot_simulation_pkg/share/robot_simulation_pkg/meshes/base_plate.STL
[0.605s] -- Installing: /root/ros_ws/install/robot_simulation_pkg/share/robot_simulation_pkg/meshes/claw_support.STL
[0.607s] -- Installing: /root/ros_ws/install/robot_simulation_pkg/share/robot_simulation_pkg/meshes/plate.STL
[0.616s] -- Installing: /root/ros_ws/install/robot_simulation_pkg/share/robot_simulation_pkg/meshes/vertical_drive_arm.STL
[0.619s] -- Installing: /root/ros_ws/install/robot_simulation_pkg/share/robot_simulation_pkg/meshes/horizontal_arm.STL
[0.628s] -- Installing: /root/ros_ws/install/robot_simulation_pkg/share/robot_simulation_pkg/urdf
[0.628s] -- Installing: /root/ros_ws/install/robot_simulation_pkg/share/robot_simulation_pkg/urdf/robot2.urdf.xacro
[0.630s] -- Installing: /root/ros_ws/install/robot_simulation_pkg/share/robot_simulation_pkg/urdf/robot_gazebo.xacro
[0.630s] -- Installing: /root/ros_ws/install/robot_simulation_pkg/share/robot_simulation_pkg/urdf/robot_fake_ros2_control.xacro
[0.630s] -- Installing: /root/ros_ws/install/robot_simulation_pkg/share/robot_simulation_pkg/urdf/robot.urdf.xacro
[0.631s] -- Installing: /root/ros_ws/install/robot_simulation_pkg/share/robot_simulation_pkg/urdf/robot_ros2_control.xacro
[0.631s] -- Installing: /root/ros_ws/install/robot_simulation_pkg/share/robot_simulation_pkg/launch
[0.631s] -- Installing: /root/ros_ws/install/robot_simulation_pkg/share/robot_simulation_pkg/launch/display.launch.py
[0.631s] -- Installing: /root/ros_ws/install/robot_simulation_pkg/share/robot_simulation_pkg/launch/gazebo.launch.py
[0.631s] -- Installing: /root/ros_ws/install/robot_simulation_pkg/share/robot_simulation_pkg/rviz
[0.631s] -- Installing: /root/ros_ws/install/robot_simulation_pkg/share/robot_simulation_pkg/rviz/display_robot.rviz
[0.631s] -- Installing: /root/ros_ws/install/robot_simulation_pkg/share/ament_index/resource_index/package_run_dependencies/robot_simulation_pkg
[0.631s] -- Installing: /root/ros_ws/install/robot_simulation_pkg/share/ament_index/resource_index/parent_prefix_path/robot_simulation_pkg
[0.631s] -- Installing: /root/ros_ws/install/robot_simulation_pkg/share/robot_simulation_pkg/environment/ament_prefix_path.sh
[0.631s] -- Installing: /root/ros_ws/install/robot_simulation_pkg/share/robot_simulation_pkg/environment/ament_prefix_path.dsv
[0.631s] -- Installing: /root/ros_ws/install/robot_simulation_pkg/share/robot_simulation_pkg/environment/path.sh
[0.631s] -- Installing: /root/ros_ws/install/robot_simulation_pkg/share/robot_simulation_pkg/environment/path.dsv
[0.631s] -- Installing: /root/ros_ws/install/robot_simulation_pkg/share/robot_simulation_pkg/local_setup.bash
[0.631s] -- Installing: /root/ros_ws/install/robot_simulation_pkg/share/robot_simulation_pkg/local_setup.sh
[0.631s] -- Installing: /root/ros_ws/install/robot_simulation_pkg/share/robot_simulation_pkg/local_setup.zsh
[0.631s] -- Installing: /root/ros_ws/install/robot_simulation_pkg/share/robot_simulation_pkg/local_setup.dsv
[0.631s] -- Installing: /root/ros_ws/install/robot_simulation_pkg/share/robot_simulation_pkg/package.dsv
[0.631s] -- Installing: /root/ros_ws/install/robot_simulation_pkg/share/ament_index/resource_index/packages/robot_simulation_pkg
[0.631s] -- Installing: /root/ros_ws/install/robot_simulation_pkg/share/robot_simulation_pkg/cmake/robot_simulation_pkgConfig.cmake
[0.631s] -- Installing: /root/ros_ws/install/robot_simulation_pkg/share/robot_simulation_pkg/cmake/robot_simulation_pkgConfig-version.cmake
[0.631s] -- Installing: /root/ros_ws/install/robot_simulation_pkg/share/robot_simulation_pkg/package.xml
[0.631s] Invoked command in '/root/ros_ws/build/robot_simulation_pkg' returned '0': CMAKE_PREFIX_PATH=${CMAKE_PREFIX_PATH}:/root/ros_ws/src/install/tuto_pkg:/root/ros_ws/install/tuto_pkg /usr/bin/cmake --install /root/ros_ws/build/robot_simulation_pkg
