[0.011s] Invoking command in '/root/ros_ws/build/robot_moveit': CMAKE_PREFIX_PATH=${CMAKE_PREFIX_PATH}:/root/ros_ws/src/install/tuto_pkg:/root/ros_ws/install/tuto_pkg /usr/bin/cmake /root/ros_ws/src/robot_moveit -DCMAKE_INSTALL_PREFIX=/root/ros_ws/install/robot_moveit
[0.087s] -- The C compiler identification is GNU 11.4.0
[0.144s] -- The CXX compiler identification is GNU 11.4.0
[0.151s] -- Detecting C compiler ABI info
[0.202s] -- Detecting C compiler ABI info - done
[0.208s] -- Check for working C compiler: /usr/bin/cc - skipped
[0.209s] -- Detecting C compile features
[0.209s] -- Detecting C compile features - done
[0.213s] -- Detecting CXX compiler ABI info
[0.269s] -- Detecting CXX compiler ABI info - done
[0.275s] -- Check for working CXX compiler: /usr/bin/c++ - skipped
[0.275s] -- Detecting CXX compile features
[0.276s] -- Detecting CXX compile features - done
[0.277s] -- Found ament_cmake: 1.3.12 (/opt/ros/humble/share/ament_cmake/cmake)
[0.388s] -- Found Python3: /usr/bin/python3 (found version "3.10.12") found components: Interpreter 
[0.512s] -- Found ament_lint_auto: 0.12.14 (/opt/ros/humble/share/ament_lint_auto/cmake)
[0.585s] -- Added test 'flake8' to check Python code syntax and style conventions
[0.586s] -- Added test 'lint_cmake' to check CMake code style
[0.587s] -- Added test 'pep257' to check Python code against some of the docstring style conventions in PEP 257
[0.588s] -- Added test 'xmllint' to check XML markup files
[0.590s] -- Configuring done
[0.592s] -- Generating done
[0.593s] -- Build files have been written to: /root/ros_ws/build/robot_moveit
[0.596s] Invoked command in '/root/ros_ws/build/robot_moveit' returned '0': CMAKE_PREFIX_PATH=${CMAKE_PREFIX_PATH}:/root/ros_ws/src/install/tuto_pkg:/root/ros_ws/install/tuto_pkg /usr/bin/cmake /root/ros_ws/src/robot_moveit -DCMAKE_INSTALL_PREFIX=/root/ros_ws/install/robot_moveit
[0.597s] Invoking command in '/root/ros_ws/build/robot_moveit': CMAKE_PREFIX_PATH=${CMAKE_PREFIX_PATH}:/root/ros_ws/src/install/tuto_pkg:/root/ros_ws/install/tuto_pkg /usr/bin/cmake --build /root/ros_ws/build/robot_moveit -- -j4 -l4
[0.623s] Invoked command in '/root/ros_ws/build/robot_moveit' returned '0': CMAKE_PREFIX_PATH=${CMAKE_PREFIX_PATH}:/root/ros_ws/src/install/tuto_pkg:/root/ros_ws/install/tuto_pkg /usr/bin/cmake --build /root/ros_ws/build/robot_moveit -- -j4 -l4
[0.630s] Invoking command in '/root/ros_ws/build/robot_moveit': CMAKE_PREFIX_PATH=${CMAKE_PREFIX_PATH}:/root/ros_ws/src/install/tuto_pkg:/root/ros_ws/install/tuto_pkg /usr/bin/cmake --install /root/ros_ws/build/robot_moveit
[0.635s] -- Install configuration: ""
[0.635s] -- Installing: /root/ros_ws/install/robot_moveit/share/robot_moveit/launch
[0.635s] -- Installing: /root/ros_ws/install/robot_moveit/share/robot_moveit/launch/moveit_fake.launch.py
[0.635s] -- Installing: /root/ros_ws/install/robot_moveit/share/robot_moveit/launch/moveit.launch.py
[0.635s] -- Installing: /root/ros_ws/install/robot_moveit/share/robot_moveit/config
[0.635s] -- Installing: /root/ros_ws/install/robot_moveit/share/robot_moveit/config/kinematics.yaml
[0.639s] -- Installing: /root/ros_ws/install/robot_moveit/share/robot_moveit/config/pilz_cartesian_limits.yaml
[0.640s] -- Installing: /root/ros_ws/install/robot_moveit/share/robot_moveit/config/moveit_controllers.yaml
[0.640s] -- Installing: /root/ros_ws/install/robot_moveit/share/robot_moveit/config/initial_position.yaml
[0.640s] -- Installing: /root/ros_ws/install/robot_moveit/share/robot_moveit/config/robot.srdf
[0.640s] -- Installing: /root/ros_ws/install/robot_moveit/share/robot_moveit/config/moveit_fake_controllers.yaml
[0.640s] -- Installing: /root/ros_ws/install/robot_moveit/share/robot_moveit/config/moveit.rviz
[0.641s] -- Installing: /root/ros_ws/install/robot_moveit/share/robot_moveit/config/joint_limits.yaml
[0.642s] -- Installing: /root/ros_ws/install/robot_moveit/share/ament_index/resource_index/package_run_dependencies/robot_moveit
[0.642s] -- Installing: /root/ros_ws/install/robot_moveit/share/ament_index/resource_index/parent_prefix_path/robot_moveit
[0.642s] -- Installing: /root/ros_ws/install/robot_moveit/share/robot_moveit/environment/ament_prefix_path.sh
[0.642s] -- Installing: /root/ros_ws/install/robot_moveit/share/robot_moveit/environment/ament_prefix_path.dsv
[0.642s] -- Installing: /root/ros_ws/install/robot_moveit/share/robot_moveit/environment/path.sh
[0.642s] -- Installing: /root/ros_ws/install/robot_moveit/share/robot_moveit/environment/path.dsv
[0.642s] -- Installing: /root/ros_ws/install/robot_moveit/share/robot_moveit/local_setup.bash
[0.643s] -- Installing: /root/ros_ws/install/robot_moveit/share/robot_moveit/local_setup.sh
[0.643s] -- Installing: /root/ros_ws/install/robot_moveit/share/robot_moveit/local_setup.zsh
[0.643s] -- Installing: /root/ros_ws/install/robot_moveit/share/robot_moveit/local_setup.dsv
[0.643s] -- Installing: /root/ros_ws/install/robot_moveit/share/robot_moveit/package.dsv
[0.643s] -- Installing: /root/ros_ws/install/robot_moveit/share/ament_index/resource_index/packages/robot_moveit
[0.643s] -- Installing: /root/ros_ws/install/robot_moveit/share/robot_moveit/cmake/robot_moveitConfig.cmake
[0.643s] -- Installing: /root/ros_ws/install/robot_moveit/share/robot_moveit/cmake/robot_moveitConfig-version.cmake
[0.643s] -- Installing: /root/ros_ws/install/robot_moveit/share/robot_moveit/package.xml
[0.645s] Invoked command in '/root/ros_ws/build/robot_moveit' returned '0': CMAKE_PREFIX_PATH=${CMAKE_PREFIX_PATH}:/root/ros_ws/src/install/tuto_pkg:/root/ros_ws/install/tuto_pkg /usr/bin/cmake --install /root/ros_ws/build/robot_moveit
